Determining if the pthread_create exist failed with the following output:
Change Dir: /home/hiokhian/task2draft/build/CMakeFiles/CMakeTmp

Run Build Command:"/usr/bin/make" "cmTC_9301b/fast"
/usr/bin/make -f CMakeFiles/cmTC_9301b.dir/build.make CMakeFiles/cmTC_9301b.dir/build
make[1]: Entering directory '/home/hiokhian/task2draft/build/CMakeFiles/CMakeTmp'
Building C object CMakeFiles/cmTC_9301b.dir/CheckSymbolExists.c.o
/usr/bin/cc    -o CMakeFiles/cmTC_9301b.dir/CheckSymbolExists.c.o   -c /home/hiokhian/task2draft/build/CMakeFiles/CMakeTmp/CheckSymbolExists.c
Linking C executable cmTC_9301b
/usr/bin/cmake -E cmake_link_script CMakeFiles/cmTC_9301b.dir/link.txt --verbose=1
/usr/bin/cc      -rdynamic CMakeFiles/cmTC_9301b.dir/CheckSymbolExists.c.o  -o cmTC_9301b 
CMakeFiles/cmTC_9301b.dir/CheckSymbolExists.c.o: In function `main':
CheckSymbolExists.c:(.text+0x1b): undefined reference to `pthread_create'
collect2: error: ld returned 1 exit status
CMakeFiles/cmTC_9301b.dir/build.make:97: recipe for target 'cmTC_9301b' failed
make[1]: *** [cmTC_9301b] Error 1
make[1]: Leaving directory '/home/hiokhian/task2draft/build/CMakeFiles/CMakeTmp'
Makefile:126: recipe for target 'cmTC_9301b/fast' failed
make: *** [cmTC_9301b/fast] Error 2

File /home/hiokhian/task2draft/build/CMakeFiles/CMakeTmp/CheckSymbolExists.c:
/* */
#include <pthread.h>

int main(int argc, char** argv)
{
  (void)argv;
#ifndef pthread_create
  return ((int*)(&pthread_create))[argc];
#else
  (void)argc;
  return 0;
#endif
}

Determining if the function pthread_create exists in the pthreads failed with the following output:
Change Dir: /home/hiokhian/task2draft/build/CMakeFiles/CMakeTmp

Run Build Command:"/usr/bin/make" "cmTC_133c7/fast"
/usr/bin/make -f CMakeFiles/cmTC_133c7.dir/build.make CMakeFiles/cmTC_133c7.dir/build
make[1]: Entering directory '/home/hiokhian/task2draft/build/CMakeFiles/CMakeTmp'
Building C object CMakeFiles/cmTC_133c7.dir/CheckFunctionExists.c.o
/usr/bin/cc   -DCHECK_FUNCTION_EXISTS=pthread_create   -o CMakeFiles/cmTC_133c7.dir/CheckFunctionExists.c.o   -c /usr/share/cmake-3.10/Modules/CheckFunctionExists.c
Linking C executable cmTC_133c7
/usr/bin/cmake -E cmake_link_script CMakeFiles/cmTC_133c7.dir/link.txt --verbose=1
/usr/bin/cc  -DCHECK_FUNCTION_EXISTS=pthread_create    -rdynamic CMakeFiles/cmTC_133c7.dir/CheckFunctionExists.c.o  -o cmTC_133c7 -lpthreads 
/usr/bin/ld: cannot find -lpthreads
collect2: error: ld returned 1 exit status
CMakeFiles/cmTC_133c7.dir/build.make:97: recipe for target 'cmTC_133c7' failed
make[1]: *** [cmTC_133c7] Error 1
make[1]: Leaving directory '/home/hiokhian/task2draft/build/CMakeFiles/CMakeTmp'
Makefile:126: recipe for target 'cmTC_133c7/fast' failed
make: *** [cmTC_133c7/fast] Error 2


